<?xml version="1.0" encoding="UTF-8"?>
<!-- Generated by org.testng.reporters.JUnitReportReporter -->
<testsuite hostname="DESKTOP-RDN3E20" failures="0" tests="1" name="Teachers.TestNG" time="0.034" errors="0" timestamp="2022-11-09T22:34:51 IST" skipped="0">
  <testcase classname="Teachers.TestNG" name="test123" time="0.034"/>
  <system-out/>
</testsuite> <!-- Teachers.TestNG -->
